Build started 13/05/2014 19:58:17.
     1>Project "Z:\Matematicas\repo-matematicas\matematicas\test\test\test.vcxproj" on node 2 (build target(s)).
     1>InitializeBuildStatus:
         Creating "Debug\test.unsuccessfulbuild" because "AlwaysCreate" was specified.
       ClCompile:
         c:\Archivos de programa\Microsoft Visual Studio 10.0\VC\bin\CL.exe /c /I../SDL2/include /ZI /nologo /W3 /WX- /Od /Oy- /D WIN32 /D _DEBUG /D _CONSOLE /D _UNICODE /D UNICODE /Gm /EHsc /RTC1 /MDd /GS /fp:precise /Zc:wchar_t /Zc:forScope /Fo"Debug\\" /Fd"Debug\vc100.pdb" /Gd /TP /analyze- /errorReport:prompt test.cc
         test.cc
     1>z:\matematicas\repo-matematicas\matematicas\test\test\test.cc(119): error C2059: syntax error : '}'
     1>z:\matematicas\repo-matematicas\matematicas\test\test\test.cc(336): fatal error C1004: unexpected end-of-file found
     1>Done Building Project "Z:\Matematicas\repo-matematicas\matematicas\test\test\test.vcxproj" (build target(s)) -- FAILED.

Build FAILED.

Time Elapsed 00:00:06.21
